<?xml version="1.0" encoding="UTF-8"?>
<!-- Generated by org.testng.reporters.JUnitReportReporter -->
<testsuite hostname="Harshal" failures="0" tests="3" name="com.mystore.testcases.TC_RegisterMyAccountPageTestDataDrivenTesting" time="4.195" errors="0" timestamp="2026-07-02T07:19:32 IST" skipped="1">
  <testcase classname="com.mystore.testcases.TC_RegisterMyAccountPageTestDataDrivenTesting" name="verifyLogin" time="1.879"/>
  <testcase classname="com.mystore.testcases.TC_RegisterMyAccountPageTestDataDrivenTesting" name="verifyLogin" time="2.316"/>
  <testcase classname="com.mystore.testcases.TC_RegisterMyAccountPageTestDataDrivenTesting" name="verifyRegistrationAndLogin">
    <skipped/>
  </testcase> <!-- verifyRegistrationAndLogin -->
</testsuite> <!-- com.mystore.testcases.TC_RegisterMyAccountPageTestDataDrivenTesting -->
