<?xml version="1.0" encoding="UTF-8"?>
<!-- Generated by org.testng.reporters.JUnitReportReporter -->
<testsuite hostname="Harshal" failures="0" tests="3" name="com.mystore.testcases.TC_MyAccountPageTestDataDrivenTesting" time="5.294" errors="0" timestamp="2026-07-02T23:18:35 IST" skipped="1">
  <testcase classname="com.mystore.testcases.TC_MyAccountPageTestDataDrivenTesting" name="verifyLogin" time="2.897"/>
  <testcase classname="com.mystore.testcases.TC_MyAccountPageTestDataDrivenTesting" name="verifyLogin" time="2.397"/>
  <testcase classname="com.mystore.testcases.TC_MyAccountPageTestDataDrivenTesting" name="verifyRegistrationAndLogin">
    <skipped/>
  </testcase> <!-- verifyRegistrationAndLogin -->
</testsuite> <!-- com.mystore.testcases.TC_MyAccountPageTestDataDrivenTesting -->
