<?xml version="1.0" encoding="UTF-8"?>
<!-- Generated by org.testng.reporters.JUnitReportReporter -->
<testsuite hostname="Harshal" failures="0" tests="2" name="com.mystore.testcases.TC_RegisterMyAccountPage" time="1.592" errors="0" timestamp="2026-06-28T12:46:24 IST" skipped="1">
  <testcase classname="com.mystore.testcases.TC_RegisterMyAccountPage" name="verifyLogin" time="1.592"/>
  <testcase classname="com.mystore.testcases.TC_RegisterMyAccountPage" name="verifyRegistrationAndLogin">
    <skipped/>
  </testcase> <!-- verifyRegistrationAndLogin -->
</testsuite> <!-- com.mystore.testcases.TC_RegisterMyAccountPage -->
