<?xml version="1.0" encoding="UTF-8"?>
<!-- Generated by org.testng.reporters.JUnitReportReporter -->
<testsuite hostname="Harshal" failures="0" tests="2" name="com.mystore.testcases.TC_MyAccountPage" time="1.774" errors="0" timestamp="2026-07-04T14:18:56 IST" skipped="1">
  <testcase classname="com.mystore.testcases.TC_MyAccountPage" name="verifyLogin" time="1.774"/>
  <testcase classname="com.mystore.testcases.TC_MyAccountPage" name="verifyRegistrationAndLogin">
    <skipped/>
  </testcase> <!-- verifyRegistrationAndLogin -->
</testsuite> <!-- com.mystore.testcases.TC_MyAccountPage -->
